<?xml version="1.0" encoding="UTF-8"?>
<testsuite xmlns:xsi="http://www.w3.org/2001/XMLSchema-instance" xsi:noNamespaceSchemaLocation="https://maven.apache.org/surefire/maven-surefire-plugin/xsd/surefire-test-report-3.0.xsd" version="3.0" name="org.example.TriangleSquareTest" time="0.028" tests="4" errors="0" skipped="0" failures="0">
  <properties>
[...]
</properties>
  <testcase name="oneSideNegativeNumber" classname="org.example.TriangleSquareTest" time="0.017"/>
  <testcase name="positiveSearchTriangleSquare" classname="org.example.TriangleSquareTest" time="0"/>
  <testcase name="oneSideNull" classname="org.example.TriangleSquareTest" time="0"/>
  <testcase name="notTriangle" classname="org.example.TriangleSquareTest" time="0"/>
</testsuite>